0 info it worked if it ends with ok
1 verbose cli [ 'node', '/usr/local/bin/npm', 'install' ]
2 info using npm@1.4.28
3 info using node@v0.10.33
4 warn package.json healthinfoapi@ No description
5 warn package.json healthinfoapi@ No repository field.
6 verbose readDependencies using package.json deps
7 verbose install where, deps [ '/Users/hwang/Documents/git/CS-6440',
7 verbose install   [ 'body-parser', 'express', 'request' ] ]
8 info preinstall healthinfoapi@
9 verbose readDependencies using package.json deps
10 verbose already installed skipping express@~4.0.0 /Users/hwang/Documents/git/CS-6440
11 verbose cache add [ 'request@>2', null ]
12 verbose cache add name=undefined spec="request@>2" args=["request@>2",null]
13 verbose parsed url { protocol: null,
13 verbose parsed url   slashes: null,
13 verbose parsed url   auth: null,
13 verbose parsed url   host: null,
13 verbose parsed url   port: null,
13 verbose parsed url   hostname: null,
13 verbose parsed url   hash: null,
13 verbose parsed url   search: null,
13 verbose parsed url   query: null,
13 verbose parsed url   pathname: 'request@%3E2',
13 verbose parsed url   path: 'request@%3E2',
13 verbose parsed url   href: 'request@%3E2' }
14 verbose already installed skipping body-parser@^1.12.3 /Users/hwang/Documents/git/CS-6440
15 verbose cache add name="request" spec=">2" args=["request",">2"]
16 verbose parsed url { protocol: null,
16 verbose parsed url   slashes: null,
16 verbose parsed url   auth: null,
16 verbose parsed url   host: null,
16 verbose parsed url   port: null,
16 verbose parsed url   hostname: null,
16 verbose parsed url   hash: null,
16 verbose parsed url   search: null,
16 verbose parsed url   query: null,
16 verbose parsed url   pathname: '%3E2',
16 verbose parsed url   path: '%3E2',
16 verbose parsed url   href: '%3E2' }
17 verbose addNamed [ 'request', '>2' ]
18 verbose addNamed [ null, '>=3.0.0-0' ]
19 silly lockFile 2b7b8e8b-request-2 request@>2
20 verbose lock request@>2 /Users/hwang/.npm/2b7b8e8b-request-2.lock
21 silly addNameRange { name: 'request', range: '>=3.0.0-0', hasData: false }
22 verbose registry.get https://registry.npmjs.org/request not expired, no request
23 silly addNameRange number 2 { name: 'request', range: '>=3.0.0-0', hasData: true }
24 silly addNameRange versions [ 'request',
24 silly addNameRange   [ '0.10.0',
24 silly addNameRange     '0.8.3',
24 silly addNameRange     '0.9.0',
24 silly addNameRange     '0.9.1',
24 silly addNameRange     '0.9.5',
24 silly addNameRange     '1.0.0',
24 silly addNameRange     '1.1.0',
24 silly addNameRange     '1.1.1',
24 silly addNameRange     '1.2.0',
24 silly addNameRange     '1.9.0',
24 silly addNameRange     '1.9.1',
24 silly addNameRange     '1.9.2',
24 silly addNameRange     '1.9.3',
24 silly addNameRange     '1.9.5',
24 silly addNameRange     '1.9.7',
24 silly addNameRange     '1.9.8',
24 silly addNameRange     '1.9.9',
24 silly addNameRange     '2.0.0',
24 silly addNameRange     '2.0.1',
24 silly addNameRange     '2.0.2',
24 silly addNameRange     '2.0.3',
24 silly addNameRange     '2.0.4',
24 silly addNameRange     '2.0.5',
24 silly addNameRange     '2.1.0',
24 silly addNameRange     '2.1.1',
24 silly addNameRange     '2.2.0',
24 silly addNameRange     '2.2.5',
24 silly addNameRange     '2.2.6',
24 silly addNameRange     '2.2.9',
24 silly addNameRange     '2.9.0',
24 silly addNameRange     '2.9.1',
24 silly addNameRange     '2.9.2',
24 silly addNameRange     '2.9.3',
24 silly addNameRange     '2.9.100',
24 silly addNameRange     '2.9.150',
24 silly addNameRange     '2.9.151',
24 silly addNameRange     '2.9.152',
24 silly addNameRange     '2.9.153',
24 silly addNameRange     '2.9.200',
24 silly addNameRange     '2.9.201',
24 silly addNameRange     '2.9.202',
24 silly addNameRange     '2.9.203',
24 silly addNameRange     '2.10.0',
24 silly addNameRange     '2.11.0',
24 silly addNameRange     '2.11.1',
24 silly addNameRange     '2.11.2',
24 silly addNameRange     '2.11.3',
24 silly addNameRange     '2.11.4',
24 silly addNameRange     '2.12.0',
24 silly addNameRange     '2.14.0',
24 silly addNameRange     '2.16.0',
24 silly addNameRange     '2.16.2',
24 silly addNameRange     '2.16.4',
24 silly addNameRange     '2.16.6',
24 silly addNameRange     '2.18.0',
24 silly addNameRange     '2.19.0',
24 silly addNameRange     '2.20.0',
24 silly addNameRange     '2.21.0',
24 silly addNameRange     '2.22.0',
24 silly addNameRange     '2.23.0',
24 silly addNameRange     '2.24.0',
24 silly addNameRange     '2.25.0',
24 silly addNameRange     '2.26.0',
24 silly addNameRange     '2.27.0',
24 silly addNameRange     '2.28.0',
24 silly addNameRange     '2.29.0',
24 silly addNameRange     '2.30.0',
24 silly addNameRange     '2.31.0',
24 silly addNameRange     '2.32.0',
24 silly addNameRange     '2.33.0',
24 silly addNameRange     '2.34.0',
24 silly addNameRange     '2.35.0',
24 silly addNameRange     '2.36.0',
24 silly addNameRange     '2.37.0',
24 silly addNameRange     '2.38.0',
24 silly addNameRange     '2.39.0',
24 silly addNameRange     '2.40.0',
24 silly addNameRange     '2.41.0',
24 silly addNameRange     '2.42.0',
24 silly addNameRange     '2.43.0',
24 silly addNameRange     '2.44.0',
24 silly addNameRange     '2.45.0',
24 silly addNameRange     '2.46.0',
24 silly addNameRange     '2.47.0',
24 silly addNameRange     '2.48.0',
24 silly addNameRange     '2.49.0',
24 silly addNameRange     '2.50.0',
24 silly addNameRange     '2.51.0',
24 silly addNameRange     '2.52.0',
24 silly addNameRange     '2.53.0',
24 silly addNameRange     '2.54.0',
24 silly addNameRange     '2.55.0' ] ]
25 silly lockFile 2b7b8e8b-request-2 request@>2
26 silly lockFile 2b7b8e8b-request-2 request@>2
27 error notarget No compatible version found: request@'>=3.0.0-0'
27 error notarget Valid install targets:
27 error notarget ["0.10.0","0.8.3","0.9.0","0.9.1","0.9.5","1.0.0","1.1.0","1.1.1","1.2.0","1.9.0","1.9.1","1.9.2","1.9.3","1.9.5","1.9.7","1.9.8","1.9.9","2.0.0","2.0.1","2.0.2","2.0.3","2.0.4","2.0.5","2.1.0","2.1.1","2.2.0","2.2.5","2.2.6","2.2.9","2.9.0","2.9.1","2.9.2","2.9.3","2.9.100","2.9.150","2.9.151","2.9.152","2.9.153","2.9.200","2.9.201","2.9.202","2.9.203","2.10.0","2.11.0","2.11.1","2.11.2","2.11.3","2.11.4","2.12.0","2.14.0","2.16.0","2.16.2","2.16.4","2.16.6","2.18.0","2.19.0","2.20.0","2.21.0","2.22.0","2.23.0","2.24.0","2.25.0","2.26.0","2.27.0","2.28.0","2.29.0","2.30.0","2.31.0","2.32.0","2.33.0","2.34.0","2.35.0","2.36.0","2.37.0","2.38.0","2.39.0","2.40.0","2.41.0","2.42.0","2.43.0","2.44.0","2.45.0","2.46.0","2.47.0","2.48.0","2.49.0","2.50.0","2.51.0","2.52.0","2.53.0","2.54.0","2.55.0"]
27 error notarget
27 error notarget This is most likely not a problem with npm itself.
27 error notarget In most cases you or one of your dependencies are requesting
27 error notarget a package version that doesn't exist.
28 error System Darwin 14.0.0
29 error command "node" "/usr/local/bin/npm" "install"
30 error cwd /Users/hwang/Documents/git/CS-6440
31 error node -v v0.10.33
32 error npm -v 1.4.28
33 error code ETARGET
34 verbose exit [ 1, true ]
